<?xml version="1.0" encoding="UTF-8"?>
<!-- Generated by org.testng.reporters.JUnitReportReporter -->
<testsuite skipped="0" hostname="LAPTOP-TO602G7N" name="OpenMultiBrowser.OpenBrowsers" tests="3" failures="0" timestamp="2020-10-22T19:59:19 CDT" time="18.614" errors="0">
  <testcase name="launch_chrome" time="4.025" classname="OpenMultiBrowser.OpenBrowsers"/>
  <system-out/>
  <testcase name="LaunchEdge" time="5.587" classname="OpenMultiBrowser.OpenBrowsers"/>
  <system-out/>
  <testcase name="launch_gecko" time="9.002" classname="OpenMultiBrowser.OpenBrowsers"/>
  <system-out/>
</testsuite> <!-- OpenMultiBrowser.OpenBrowsers -->
